[INFO] Scanning for projects...
[INFO] ------------------------------------------------------------------------
[INFO] Detecting the operating system and CPU architecture
[INFO] ------------------------------------------------------------------------
[INFO] os.detected.name: osx
[INFO] os.detected.arch: x86_64
[INFO] os.detected.version: 10.14
[INFO] os.detected.version.major: 10
[INFO] os.detected.version.minor: 14
[INFO] os.detected.classifier: osx-x86_64
[INFO] ------------------------------------------------------------------------
[INFO] Reactor Build Order:
[INFO] 
[INFO] module                                                             [pom]
[INFO] module-data                                                        [jar]
[INFO] module-start                                                       [jar]
[INFO] cloud                                                              [jar]
[INFO] 
[INFO] -------------------------< com.david2:module >--------------------------
[INFO] Building module 0.0.1-SNAPSHOT                                     [1/4]
[INFO] --------------------------------[ pom ]---------------------------------
[INFO] 
[INFO] --- maven-clean-plugin:3.1.0:clean (default-clean) @ module ---
[INFO] 
[INFO] -----------------------< com.david2:module-data >-----------------------
[INFO] Building module-data 0.0.1-SNAPSHOT                                [2/4]
[INFO] --------------------------------[ jar ]---------------------------------
[INFO] 
[INFO] --- maven-clean-plugin:3.1.0:clean (default-clean) @ module-data ---
[INFO] Deleting /Users/david/Desktop/work/clients/module2/module-data/target
[INFO] 
[INFO] --- maven-resources-plugin:3.1.0:copy-resources (copy-resources) @ module-data ---
[INFO] Using 'UTF-8' encoding to copy filtered resources.
[INFO] Copying 3 resources
[INFO] 
[INFO] --- maven-resources-plugin:3.1.0:resources (default-resources) @ module-data ---
[INFO] Using 'UTF-8' encoding to copy filtered resources.
[INFO] Copying 1 resource
[INFO] Copying 0 resource
[INFO] 
[INFO] --- maven-compiler-plugin:3.8.1:compile (default-compile) @ module-data ---
[INFO] Changes detected - recompiling the module!
[INFO] Compiling 11 source files to /Users/david/Desktop/work/clients/module2/module-data/target/classes
[INFO] /Users/david/Desktop/work/clients/module2/module-data/src/main/java/com/david/module/data/redis/RedisConfiguration.java: /Users/david/Desktop/work/clients/module2/module-data/src/main/java/com/david/module/data/redis/RedisConfiguration.java使用或覆盖了已过时的 API。
[INFO] /Users/david/Desktop/work/clients/module2/module-data/src/main/java/com/david/module/data/redis/RedisConfiguration.java: 有关详细信息, 请使用 -Xlint:deprecation 重新编译。
[INFO] /Users/david/Desktop/work/clients/module2/module-data/src/main/java/com/david/module/data/mysql/config/DruidConfig.java: /Users/david/Desktop/work/clients/module2/module-data/src/main/java/com/david/module/data/mysql/config/DruidConfig.java使用了未经检查或不安全的操作。
[INFO] /Users/david/Desktop/work/clients/module2/module-data/src/main/java/com/david/module/data/mysql/config/DruidConfig.java: 有关详细信息, 请使用 -Xlint:unchecked 重新编译。
[INFO] 
[INFO] --- maven-resources-plugin:3.1.0:testResources (default-testResources) @ module-data ---
[INFO] Not copying test resources
[INFO] 
[INFO] --- maven-compiler-plugin:3.8.1:testCompile (default-testCompile) @ module-data ---
[INFO] Not compiling test sources
[INFO] 
[INFO] --- maven-surefire-plugin:2.22.2:test (default-test) @ module-data ---
[INFO] Tests are skipped.
[INFO] 
[INFO] --- maven-jar-plugin:3.1.2:jar (default-jar) @ module-data ---
[INFO] Building jar: /Users/david/Desktop/work/clients/module2/module-data/target/module-data-0.0.1-SNAPSHOT.jar
[INFO] 
[INFO] ----------------------< com.david2:module-start >-----------------------
[INFO] Building module-start 0.0.1-SNAPSHOT                               [3/4]
[INFO] --------------------------------[ jar ]---------------------------------
[INFO] 
[INFO] --- maven-clean-plugin:3.1.0:clean (default-clean) @ module-start ---
[INFO] Deleting /Users/david/Desktop/work/clients/module2/module-start/target
[INFO] 
[INFO] --- maven-resources-plugin:3.1.0:resources (default-resources) @ module-start ---
[INFO] Using 'UTF-8' encoding to copy filtered resources.
[INFO] Copying 1 resource
[INFO] Copying 0 resource
[INFO] 
[INFO] --- maven-compiler-plugin:3.8.1:compile (default-compile) @ module-start ---
[INFO] Changes detected - recompiling the module!
[INFO] Compiling 15 source files to /Users/david/Desktop/work/clients/module2/module-start/target/classes
[INFO] 
[INFO] --- maven-resources-plugin:3.1.0:testResources (default-testResources) @ module-start ---
[INFO] Not copying test resources
[INFO] 
[INFO] --- maven-compiler-plugin:3.8.1:testCompile (default-testCompile) @ module-start ---
[INFO] Not compiling test sources
[INFO] 
[INFO] --- maven-surefire-plugin:2.22.2:test (default-test) @ module-start ---
[INFO] Tests are skipped.
[INFO] 
[INFO] --- maven-jar-plugin:3.1.2:jar (default-jar) @ module-start ---
[INFO] Building jar: /Users/david/Desktop/work/clients/module2/module-start/target/module-start-0.0.1-SNAPSHOT.jar
[INFO] 
[INFO] --- spring-boot-maven-plugin:2.2.2.RELEASE:repackage (repackage) @ module-start ---
[INFO] Replacing main artifact with repackaged archive
[INFO] 
[INFO] --------------------------< com.david2:cloud >--------------------------
[INFO] Building cloud 0.0.1-SNAPSHOT                                      [4/4]
[INFO] --------------------------------[ jar ]---------------------------------
[INFO] 
[INFO] --- maven-clean-plugin:3.1.0:clean (default-clean) @ cloud ---
[INFO] Deleting /Users/david/Desktop/work/clients/module2/cloud/target
[INFO] 
[INFO] --- maven-resources-plugin:3.1.0:resources (default-resources) @ cloud ---
[INFO] Using 'UTF-8' encoding to copy filtered resources.
[INFO] Copying 0 resource
[INFO] Copying 0 resource
[INFO] 
[INFO] --- maven-compiler-plugin:3.8.1:compile (default-compile) @ cloud ---
[INFO] Nothing to compile - all classes are up to date
[INFO] 
[INFO] --- maven-resources-plugin:3.1.0:testResources (default-testResources) @ cloud ---
[INFO] Not copying test resources
[INFO] 
[INFO] --- maven-compiler-plugin:3.8.1:testCompile (default-testCompile) @ cloud ---
[INFO] Not compiling test sources
[INFO] 
[INFO] --- maven-surefire-plugin:2.22.2:test (default-test) @ cloud ---
[INFO] Tests are skipped.
[INFO] 
[INFO] --- maven-jar-plugin:3.1.2:jar (default-jar) @ cloud ---
[INFO] Building jar: /Users/david/Desktop/work/clients/module2/cloud/target/cloud-0.0.1-SNAPSHOT.jar
[INFO] ------------------------------------------------------------------------
[INFO] Reactor Summary for module 0.0.1-SNAPSHOT:
[INFO] 
[INFO] module ............................................. SUCCESS [  0.163 s]
[INFO] module-data ........................................ SUCCESS [  3.408 s]
[INFO] module-start ....................................... SUCCESS [  3.576 s]
[INFO] cloud .............................................. SUCCESS [  0.061 s]
[INFO] ------------------------------------------------------------------------
[INFO] BUILD SUCCESS
[INFO] ------------------------------------------------------------------------
[INFO] Total time:  7.861 s
[INFO] Finished at: 2021-04-06T16:39:08+08:00
[INFO] ------------------------------------------------------------------------
